
> firefly@3.8.0 astro /home/johntime/Desktop/blog
> astro "check"

Proxy environment variables detected. We'll use your proxy for fetch requests.
12:00:43 [@astrojs/cloudflare] Enabling sessions with Cloudflare KV with the "SESSION" KV binding.
12:00:43 [@astrojs/cloudflare] If you see the error "Invalid binding `SESSION`" in your build output, you need to add the binding to your wrangler config file.
12:00:43 [WARN] [adapter] Cloudflare does not support sharp at runtime. However, you can configure `imageService: "compile"` to optimize images with sharp on prerendered pages during build time.
12:00:44 [content] Syncing content
12:00:44 [content] Synced content
12:00:44 [types] Generated 595ms
12:00:44 [check] Getting diagnostics for Astro files in /home/johntime/Desktop/blog...
[96msrc/components/Footer.astro[0m:[93m5[0m:[93m1[0m - [93mwarning[0m[90m ts(6133): [0m'navigateToPage' is declared but its value is never read.

[7m5[0m import { navigateToPage } from "../utils/navigation-utils";
[7m [0m [93m~~~~~~~~~~~~~~~~~~~~~~~~~~~~~~~~~~~~~~~~~~~~~~~~~~~~~~~~~~~[0m

[96msrc/components/Navbar.astro[0m:[93m76[0m:[93m10[0m - [93mwarning[0m[90m ts(6133): [0m'switchTheme' is declared but its value is never read.

[7m76[0m function switchTheme() {
[7m  [0m [93m         ~~~~~~~~~~~[0m

[96msrc/components/layout/LeftSideBar.astro[0m:[93m59[0m:[93m3[0m - [91merror[0m[90m ts(2345): [0mArgument of type 'string' is not assignable to parameter of type 'number'.

[7m59[0m   "left",
[7m  [0m [91m  ~~~~~~[0m

[96msrc/components/layout/RightSideBar.astro[0m:[93m73[0m:[93m3[0m - [91merror[0m[90m ts(2345): [0mArgument of type 'string' is not assignable to parameter of type 'number'.

[7m73[0m   "right",
[7m  [0m [91m  ~~~~~~~[0m

[96msrc/components/layout/SideBar.astro[0m:[93m105[0m:[93m3[0m - [91merror[0m[90m ts(2345): [0mArgument of type 'string' is not assignable to parameter of type 'number'.

[7m105[0m   sidebar,
[7m   [0m [91m  ~~~~~~~[0m

[96msrc/components/widget/DropdownMenu.astro[0m:[93m199[0m:[93m25[0m - [93mwarning[0m[90m ts(6133): [0m'dropdown' is declared but its value is never read.

[7m199[0m  function closeDropdown(dropdown: Element, trigger: Element, menu: Element) {
[7m   [0m [93m                        ~~~~~~~~[0m
[96msrc/components/widget/DropdownMenu.astro[0m:[93m193[0m:[93m24[0m - [93mwarning[0m[90m ts(6133): [0m'dropdown' is declared but its value is never read.

[7m193[0m  function openDropdown(dropdown: Element, trigger: Element, menu: Element) {
[7m   [0m [93m                       ~~~~~~~~[0m

Result (171 files): 
- 3 errors
- 0 warnings
- 4 hints

 ELIFECYCLE  Command failed with exit code 1.
